2026-06-29 17:08:19,481 - ERROR - ❌ Erro ao conectar ao Tor: Error connecting to SOCKS5 proxy 127.0.0.1:9050: [Errno 111] Connection refused
2026-06-29 17:08:19,481 - ERROR - Certifique-se que o Tor está rodando (sudo systemctl start tor)
2026-06-29 17:24:30,967 - WARNING - ⚠️  Tor pode não estar funcionando corretamente
2026-06-29 17:24:30,968 - WARNING - ⚠️  Não foi possível conectar ao controlador Tor: Socket error: 0x01: General SOCKS server failure
2026-06-29 17:24:32,217 - INFO - 🌐 IP via Tor: 193.189.100.205
2026-06-29 17:24:32,217 - INFO - Escaneando 1 blocos via Tor
2026-06-29 17:24:32,217 - INFO - Adicionando 192.168.1.0/24 (256 IPs)
2026-06-29 17:24:32,225 - INFO - ✅ Scan concluído. Encontrados 0 IPs com RTSP
2026-06-29 17:25:23,778 - WARNING - ⚠️  Tor pode não estar funcionando corretamente
2026-06-29 17:25:23,778 - WARNING - ⚠️  Não foi possível conectar ao controlador Tor: Socket error: 0x01: General SOCKS server failure
2026-06-29 17:25:24,980 - INFO - 🌐 IP via Tor: 45.84.107.33
2026-06-29 17:25:24,980 - INFO - ============================================================
2026-06-29 17:25:24,980 - INFO - 🔍 Scan de 10000 IPs públicos via Tor
2026-06-29 17:25:24,980 - INFO - 🌐 IP de saída: 45.84.107.33
2026-06-29 17:25:24,980 - INFO - ============================================================
2026-06-29 17:25:24,990 - INFO - 📊 1000 IPs enfileirados...
2026-06-29 17:25:24,999 - INFO - 📊 2000 IPs enfileirados...
2026-06-29 17:25:25,009 - INFO - 📊 3000 IPs enfileirados...
2026-06-29 17:25:25,018 - INFO - 📊 4000 IPs enfileirados...
2026-06-29 17:25:25,028 - INFO - 📊 5000 IPs enfileirados...
2026-06-29 17:25:25,038 - INFO - 📊 6000 IPs enfileirados...
2026-06-29 17:25:25,048 - INFO - 📊 7000 IPs enfileirados...
2026-06-29 17:25:25,058 - INFO - 📊 8000 IPs enfileirados...
2026-06-29 17:25:25,067 - INFO - 📊 9000 IPs enfileirados...
2026-06-29 17:25:25,077 - INFO - 📊 10000 IPs enfileirados...
2026-06-29 17:25:30,087 - INFO - 📊 Escaneados: 0/10000 | Abertos: 0
2026-06-29 17:25:35,087 - INFO - 📊 Escaneados: 0/10000 | Abertos: 0
2026-06-29 17:25:40,088 - INFO - 📊 Escaneados: 0/10000 | Abertos: 0
2026-06-29 17:25:45,088 - INFO - 📊 Escaneados: 0/10000 | Abertos: 0
2026-06-29 17:25:50,088 - INFO - 📊 Escaneados: 0/10000 | Abertos: 0
